<?xml version="1.0" encoding="UTF-8"?>
<testsuites>
  <testsuite name="" tests="3" assertions="3" errors="0" warnings="0" failures="0" skipped="0" time="0.029599">
    <testsuite name="CodeIgniter Application Test Suite" tests="3" assertions="3" errors="0" warnings="0" failures="0" skipped="0" time="0.029599">
      <testsuite name="Welcome_test" file="D:\Server\PHP74\xampp\htdocs\devel\hris\app\tests\controllers\Welcome_test.php" tests="3" assertions="3" errors="0" warnings="0" failures="0" skipped="0" time="0.029599">
        <testcase name="test_index" class="Welcome_test" classname="Welcome_test" file="D:\Server\PHP74\xampp\htdocs\devel\hris\app\tests\controllers\Welcome_test.php" line="13" assertions="1" time="0.019269"/>
        <testcase name="test_method_404" class="Welcome_test" classname="Welcome_test" file="D:\Server\PHP74\xampp\htdocs\devel\hris\app\tests\controllers\Welcome_test.php" line="19" assertions="1" time="0.008100"/>
        <testcase name="test_APPPATH" class="Welcome_test" classname="Welcome_test" file="D:\Server\PHP74\xampp\htdocs\devel\hris\app\tests\controllers\Welcome_test.php" line="25" assertions="1" time="0.002230"/>
      </testsuite>
    </testsuite>
  </testsuite>
</testsuites>
